mode: set
ormapi/app/features/user/usecase/logic.go:15.42,19.2 1 1
ormapi/app/features/user/usecase/logic.go:21.75,23.16 2 1
ormapi/app/features/user/usecase/logic.go:34.2,34.20 1 1
ormapi/app/features/user/usecase/logic.go:23.16,25.55 1 1
ormapi/app/features/user/usecase/logic.go:31.3,31.70 1 1
ormapi/app/features/user/usecase/logic.go:25.55,27.4 1 1
ormapi/app/features/user/usecase/logic.go:27.9,27.52 1 1
ormapi/app/features/user/usecase/logic.go:27.52,29.4 1 1
ormapi/app/features/user/usecase/logic.go:37.56,39.16 2 0
ormapi/app/features/user/usecase/logic.go:44.2,44.12 1 0
ormapi/app/features/user/usecase/logic.go:39.16,42.3 2 0
